--------
/home/koci/snap/snap-exp/node2vec-dev/node2vec.Err
Mon Aug  8 15:36:47 2016
Execution stopped: IsInt(false, 0, 0, Val) [Reason:'3795	3400'], file ../../glib-core/dt.h, line 578
--------
--------
/home/koci/snap/snap-exp/node2vec-dev/node2vec.Err
Mon Aug  8 15:37:50 2016
Execution stopped: IsInt(false, 0, 0, Val) [Reason:'3795	3400'], file ../../glib-core/dt.h, line 578
--------
--------
/home/koci/snap/examples/node2vec/node2vec.Err
Mon Sep 12 11:09:08 2016
Execution stopped: IsInt(false, 0, 0, Val) [Reason:'0.524518'], file ../../glib-core/dt.h, line 578
--------
--------
/home/koci/snap/examples/node2vec/node2vec.Err
Mon Sep 12 11:11:23 2016
Execution stopped: IsInt(false, 0, 0, Val) [Reason:'0.524518'], file ../../glib-core/dt.h, line 578
--------
